Information.obj : error LNK2001: unresolved external symbol "public: static int Level::level" (?level@Level@@2HA)
Main.obj : error LNK2001: unresolved external symbol "public: static int Level::level" (?level@Level@@2HA)
Information.obj : error LNK2001: unresolved external symbol "private: static class Console StartGame::console" (?console@StartGame@@0VConsole@@A)
Information.obj : error LNK2001: unresolved external symbol "private: static class std::basic_string<char,struct std::char_traits<char>,class std::allocator<char> > StartGame::name" (?name@StartGame@@0V?$basic_string@DU?$char_traits@D@std@@V?$allocator@D@2@@std@@A)
Information.obj : error LNK2001: unresolved external symbol "private: static int StartGame::choose" (?choose@StartGame@@0HA)
Information.obj : error LNK2001: unresolved external symbol "public: static int StartGame::length" (?length@StartGame@@2HA)
Main.obj : error LNK2001: unresolved external symbol "public: static int StartGame::length" (?length@StartGame@@2HA)
Information.obj : error LNK2001: unresolved external symbol "public: static int StartGame::score" (?score@StartGame@@2HA)
Main.obj : error LNK2001: unresolved external symbol "public: static int StartGame::score" (?score@StartGame@@2HA)
Main.obj : error LNK2001: unresolved external symbol "public: static class std::vector<struct InfoSnake,class std::allocator<struct InfoSnake> > Game::snake" (?snake@Game@@2V?$vector@UInfoSnake@@V?$allocator@UInfoSnake@@@std@@@std@@A)
Process.obj : error LNK2001: unresolved external symbol "public: static class std::vector<struct InfoSnake,class std::allocator<struct InfoSnake> > Game::snake" (?snake@Game@@2V?$vector@UInfoSnake@@V?$allocator@UInfoSnake@@@std@@@std@@A)
Main.obj : error LNK2001: unresolved external symbol "public: static enum eDirection Game::dir" (?dir@Game@@2W4eDirection@@A)
Process.obj : error LNK2001: unresolved external symbol "public: static enum eDirection Game::dir" (?dir@Game@@2W4eDirection@@A)
Main.obj : error LNK2001: unresolved external symbol "public: static struct _COORD Game::stateSnake" (?stateSnake@Game@@2U_COORD@@A)
Process.obj : error LNK2001: unresolved external symbol "public: static struct _COORD Game::stateSnake" (?stateSnake@Game@@2U_COORD@@A)
Main.obj : error LNK2001: unresolved external symbol "public: static class Level Game::levelGame" (?levelGame@Game@@2VLevel@@A)
Main.obj : error LNK2001: unresolved external symbol "public: static bool Game::overGame" (?overGame@Game@@2_NA)
Process.obj : error LNK2001: unresolved external symbol "public: static bool Game::overGame" (?overGame@Game@@2_NA)
Process.obj : error LNK2001: unresolved external symbol "private: static class Console Game::console" (?console@Game@@0VConsole@@A)
Process.obj : error LNK2001: unresolved external symbol "private: static struct _COORD Game::Food" (?Food@Game@@0U_COORD@@A)
Process.obj : error LNK2001: unresolved external symbol "private: static short Game::columns" (?columns@Game@@0FA)
Process.obj : error LNK2001: unresolved external symbol "private: static short Game::rows" (?rows@Game@@0FA)
Process.obj : error LNK2001: unresolved external symbol "private: static int Game::xGate" (?xGate@Game@@0HA)
Process.obj : error LNK2001: unresolved external symbol "private: static int Game::yGate" (?yGate@Game@@0HA)
E:\Học ĐH\HK II\Kĩ thuật LT\Practice\Game\Debug\GameSnake.exe : fatal error LNK1120: 17 unresolved externals
